<?xml version="1.0" encoding="UTF-8"?>
<!-- Generated by org.testng.reporters.JUnitXMLReporter -->
<testsuite ignored="0" hostname="Salmans-MacBook-Pro.local" failures="0" tests="5" name="Test" time="13.791" errors="0" timestamp="2024-08-05T12:46:10 AEST">
  <testcase classname="docker.Setup_DockerGrid" name="start" time="0.004"/>
  <testcase classname="docker.ChromeTest3" name="test3" time="7.22"/>
  <testcase classname="docker.ChromeTest2" name="test2" time="7.883"/>
  <testcase classname="docker.FireFoxTest" name="test4" time="8.337"/>
  <testcase classname="docker.ChromeTest1" name="test1" time="13.763"/>
</testsuite> <!-- Test -->
